<?xml version="1.0" encoding="UTF-8"?>
<!-- Generated by org.testng.reporters.JUnitReportReporter -->
<testsuite hostname="STI-D01-SREEKAN" name="TestCases.TestCases" tests="1" failures="0" timestamp="14 Jun 2016 12:40:32 GMT" time="14.338" errors="0">
  <testcase name="TC_001" time="14.338" classname="TestCases.TestCases"/>
</testsuite> <!-- TestCases.TestCases -->
