<?xml version="1.0" encoding="UTF-8"?>
<!-- Generated by org.testng.reporters.JUnitReportReporter -->
<testsuite hostname="STI-D01-SREEKAN" name="TestCases.TestDriver" tests="1" failures="0" timestamp="14 Jun 2016 12:03:08 GMT" time="18.161" errors="0">
  <testcase name="Launch" time="18.161" classname="TestCases.TestDriver"/>
</testsuite> <!-- TestCases.TestDriver -->
